<?xml version="1.0" encoding="UTF-8"?>
<testng-results skipped="0" failed="0" ignored="0" total="1" passed="1">
  <reporter-output>
  </reporter-output>
  <suite name="Default suite" duration-ms="34008" started-at="2023-11-08T10:10:57Z" finished-at="2023-11-08T10:11:31Z">
    <groups>
    </groups>
    <test name="Default test" duration-ms="34008" started-at="2023-11-08T10:10:57Z" finished-at="2023-11-08T10:11:31Z">
      <class name="Script.Assignment1">
        <test-method status="PASS" signature="TestSetUp()[pri:0, instance:Script.Assignment1@5e3a8624]" name="TestSetUp" is-config="true" duration-ms="13870" started-at="2023-11-08T15:40:57Z" finished-at="2023-11-08T15:41:11Z">
          <reporter-output>
          </reporter-output>
        </test-method> <!-- TestSetUp -->
        <test-method status="PASS" signature="Testng()[pri:0, instance:Script.Assignment1@5e3a8624]" name="Testng" duration-ms="20099" started-at="2023-11-08T15:41:11Z" finished-at="2023-11-08T15:41:31Z">
          <reporter-output>
          </reporter-output>
        </test-method> <!-- Testng -->
      </class> <!-- Script.Assignment1 -->
    </test> <!-- Default test -->
  </suite> <!-- Default suite -->
</testng-results>
