<?xml version="1.0" encoding="UTF-8"?>
<testng-results skipped="0" failed="0" ignored="0" total="1" passed="1">
  <reporter-output>
  </reporter-output>
  <suite name="Default suite" duration-ms="20514" started-at="2023-11-08T09:28:17Z" finished-at="2023-11-08T09:28:37Z">
    <groups>
    </groups>
    <test name="Default test" duration-ms="20514" started-at="2023-11-08T09:28:17Z" finished-at="2023-11-08T09:28:37Z">
      <class name="Script.Assignment1">
        <test-method status="PASS" signature="TestSetUp()[pri:0, instance:Script.Assignment1@77caeb3e]" name="TestSetUp" is-config="true" duration-ms="9628" started-at="2023-11-08T14:58:17Z" finished-at="2023-11-08T14:58:26Z">
          <reporter-output>
          </reporter-output>
        </test-method> <!-- TestSetUp -->
        <test-method status="PASS" signature="Testng()[pri:0, instance:Script.Assignment1@77caeb3e]" name="Testng" duration-ms="10845" started-at="2023-11-08T14:58:26Z" finished-at="2023-11-08T14:58:37Z">
          <reporter-output>
          </reporter-output>
        </test-method> <!-- Testng -->
      </class> <!-- Script.Assignment1 -->
    </test> <!-- Default test -->
  </suite> <!-- Default suite -->
</testng-results>
